
> nordic-sqr-rct@1.0.0 build
> next build

⚠ Warning: Next.js inferred your workspace root, but it may not be correct.
 We detected multiple lockfiles and selected the directory of /Users/garrettjaeger/Projects/windedvertigo/package-lock.json as the root directory.
 To silence this warning, set `turbopack.root` in your Next.js config, or consider removing one of the lockfiles if it's not needed.
   See https://nextjs.org/docs/app/api-reference/config/next-config-js/turbopack#root-directory for more information.
 Detected additional lockfiles: 
   * /Users/garrettjaeger/Projects/windedvertigo/apps/nordic-sqr-rct/package-lock.json

▲ Next.js 16.1.6 (Turbopack)
- Environments: .env.local

  Creating an optimized production build ...
✓ Compiled successfully in 5.5s
  Running TypeScript ...
  Collecting page data using 11 workers ...
  Generating static pages using 11 workers (0/31) ...
  Generating static pages using 11 workers (7/31) 
  Generating static pages using 11 workers (15/31) 
  Generating static pages using 11 workers (23/31) 
✓ Generating static pages using 11 workers (31/31) in 205.4ms
  Finalizing page optimization ...

Route (app)
┌ ○ /
├ ○ /_not-found
├ ○ /admin
├ ○ /admin/reviewers
├ ○ /analytics
├ ƒ /api/admin/reviewers
├ ƒ /api/admin/reviewers/[reviewerId]
├ ƒ /api/ai-review
├ ƒ /api/ai-review/batch
├ ƒ /api/analytics
├ ƒ /api/auth/login
├ ƒ /api/auth/logout
├ ƒ /api/auth/me
├ ƒ /api/auth/register
├ ƒ /api/credibility/badge
├ ƒ /api/credibility/certificate
├ ƒ /api/export/csv
├ ƒ /api/export/pdf
├ ƒ /api/network
├ ƒ /api/profile
├ ƒ /api/scores
├ ƒ /api/studies
├ ƒ /api/studies/[id]
├ ƒ /api/upload
├ ○ /credibility
├ ○ /dashboard
├ ○ /intake
├ ○ /network
├ ○ /profile
├ ○ /register
├ ○ /reviews
├ ƒ /reviews/[scoreId]
└ ○ /score


○  (Static)   prerendered as static content
ƒ  (Dynamic)  server-rendered on demand

